

*******************************************************************************
Mon Jul 14 23:25:38 2014


FIT:    data read from 'messung1.dat' u (1/$1):(log($2))
        #datapoints = 38
        residuals are weighted equally (unit weight)

function used for fitting: f(x)
fitted parameters initialized with current variable values



 Iteration 0
 WSSR        : 1.0777            delta(WSSR)/WSSR   : 0
 delta(WSSR) : 0                 limit for stopping : 1e-005
 lambda	  : 0.707108

initial set of free parameter values

m               = -4618.07
b               = 24.0725

After 6 iterations the fit converged.
final sum of squares of residuals : 0.00902883
rel. change during last iteration : -9.29829e-006

degrees of freedom    (FIT_NDF)                        : 36
rms of residuals      (FIT_STDFIT) = sqrt(WSSR/ndf)    : 0.0158367
variance of residuals (reduced chisquare) = WSSR/ndf   : 0.000250801

Final set of parameters            Asymptotic Standard Error
=======================            ==========================

m               = -4326.02         +/- 12.96        (0.2995%)
b               = 23.597           +/- 0.02819      (0.1195%)


correlation matrix of the fit parameters:

               m      b      
m               1.000 
b              -0.996  1.000 


*******************************************************************************
Mon Jul 14 23:27:02 2014


FIT:    data read from 'messung1.dat' u (1/$1):(log($2))
        #datapoints = 38
        residuals are weighted equally (unit weight)

function used for fitting: f(x)
fitted parameters initialized with current variable values



 Iteration 0
 WSSR        : 1.0777            delta(WSSR)/WSSR   : 0
 delta(WSSR) : 0                 limit for stopping : 1e-005
 lambda	  : 0.707108

initial set of free parameter values

m               = -4618.07
b               = 24.0725

After 6 iterations the fit converged.
final sum of squares of residuals : 0.00902883
rel. change during last iteration : -9.29829e-006

degrees of freedom    (FIT_NDF)                        : 36
rms of residuals      (FIT_STDFIT) = sqrt(WSSR/ndf)    : 0.0158367
variance of residuals (reduced chisquare) = WSSR/ndf   : 0.000250801

Final set of parameters            Asymptotic Standard Error
=======================            ==========================

m               = -4326.02         +/- 12.96        (0.2995%)
b               = 23.597           +/- 0.02819      (0.1195%)


correlation matrix of the fit parameters:

               m      b      
m               1.000 
b              -0.996  1.000 


*******************************************************************************
Mon Jul 14 23:31:00 2014


FIT:    data read from 'messung1.dat' u (1/$1):(log($2))
        #datapoints = 38
        residuals are weighted equally (unit weight)

function used for fitting: f(x)
fitted parameters initialized with current variable values



 Iteration 0
 WSSR        : 1.0777            delta(WSSR)/WSSR   : 0
 delta(WSSR) : 0                 limit for stopping : 1e-005
 lambda	  : 0.707108

initial set of free parameter values

m               = -4618.07
b               = 24.0725

After 6 iterations the fit converged.
final sum of squares of residuals : 0.00902883
rel. change during last iteration : -9.29829e-006

degrees of freedom    (FIT_NDF)                        : 36
rms of residuals      (FIT_STDFIT) = sqrt(WSSR/ndf)    : 0.0158367
variance of residuals (reduced chisquare) = WSSR/ndf   : 0.000250801

Final set of parameters            Asymptotic Standard Error
=======================            ==========================

m               = -4326.02         +/- 12.96        (0.2995%)
b               = 23.597           +/- 0.02819      (0.1195%)


correlation matrix of the fit parameters:

               m      b      
m               1.000 
b              -0.996  1.000 


*******************************************************************************
Mon Jul 14 23:38:54 2014


FIT:    data read from 'messung1.dat' u (1/$1):(log($2))
        #datapoints = 38
        residuals are weighted equally (unit weight)

function used for fitting: f(x)
fitted parameters initialized with current variable values



 Iteration 0
 WSSR        : 1.0777            delta(WSSR)/WSSR   : 0
 delta(WSSR) : 0                 limit for stopping : 1e-005
 lambda	  : 0.707108

initial set of free parameter values

m               = -4618.07
b               = 24.0725

After 6 iterations the fit converged.
final sum of squares of residuals : 0.00902883
rel. change during last iteration : -9.29829e-006

degrees of freedom    (FIT_NDF)                        : 36
rms of residuals      (FIT_STDFIT) = sqrt(WSSR/ndf)    : 0.0158367
variance of residuals (reduced chisquare) = WSSR/ndf   : 0.000250801

Final set of parameters            Asymptotic Standard Error
=======================            ==========================

m               = -4326.02         +/- 12.96        (0.2995%)
b               = 23.597           +/- 0.02819      (0.1195%)


correlation matrix of the fit parameters:

               m      b      
m               1.000 
b              -0.996  1.000 


*******************************************************************************
Wed Jul 16 12:25:12 2014


FIT:    data read from 'messung1.dat' u (1/$1):(log($2+100000))
        format = x:z
        #datapoints = 39
        residuals are weighted equally (unit weight)

function used for fitting: f(x)
fitted parameters initialized with current variable values



 Iteration 0
 WSSR        : 6870.52           delta(WSSR)/WSSR   : 0
 delta(WSSR) : 0                 limit for stopping : 1e-05
 lambda	  : 0.707109

initial set of free parameter values

m               = 1
b               = 1

After 6 iterations the fit converged.
final sum of squares of residuals : 1.54271
rel. change during last iteration : -1.0359e-06

degrees of freedom    (FIT_NDF)                        : 37
rms of residuals      (FIT_STDFIT) = sqrt(WSSR/ndf)    : 0.204193
variance of residuals (reduced chisquare) = WSSR/ndf   : 0.0416948

Final set of parameters            Asymptotic Standard Error
=======================            ==========================

m               = -3078.22         +/- 120.3        (3.907%)
b               = 21.0117          +/- 0.2663       (1.267%)


correlation matrix of the fit parameters:

               m      b      
m               1.000 
b              -0.992  1.000 


*******************************************************************************
Wed Jul 16 12:26:21 2014


FIT:    data read from 'messung1.dat' u (1/$1):(log($2))
        format = x:z
        #datapoints = 38
        residuals are weighted equally (unit weight)

function used for fitting: f(x)
fitted parameters initialized with current variable values



 Iteration 0
 WSSR        : 6669.64           delta(WSSR)/WSSR   : 0
 delta(WSSR) : 0                 limit for stopping : 1e-05
 lambda	  : 0.707108

initial set of free parameter values

m               = 1
b               = 1

After 7 iterations the fit converged.
final sum of squares of residuals : 0.00902883
rel. change during last iteration : -2.27426e-12

degrees of freedom    (FIT_NDF)                        : 36
rms of residuals      (FIT_STDFIT) = sqrt(WSSR/ndf)    : 0.0158367
variance of residuals (reduced chisquare) = WSSR/ndf   : 0.000250801

Final set of parameters            Asymptotic Standard Error
=======================            ==========================

m               = -4326.02         +/- 12.96        (0.2995%)
b               = 23.597           +/- 0.02819      (0.1195%)


correlation matrix of the fit parameters:

               m      b      
m               1.000 
b              -0.996  1.000 


*******************************************************************************
Wed Jul 16 13:02:37 2014


FIT:    data read from 'messung1.dat' u (1/$1):(log($2))
        format = x:z
        #datapoints = 38
        residuals are weighted equally (unit weight)

function used for fitting: f(x)
fitted parameters initialized with current variable values



 Iteration 0
 WSSR        : 136.605           delta(WSSR)/WSSR   : 0
 delta(WSSR) : 0                 limit for stopping : 1e-05
 lambda	  : 0.707108

initial set of free parameter values

m               = 1
b               = 1

After 7 iterations the fit converged.
final sum of squares of residuals : 0.00902883
rel. change during last iteration : -2.29463e-12

degrees of freedom    (FIT_NDF)                        : 36
rms of residuals      (FIT_STDFIT) = sqrt(WSSR/ndf)    : 0.0158367
variance of residuals (reduced chisquare) = WSSR/ndf   : 0.000250801

Final set of parameters            Asymptotic Standard Error
=======================            ==========================

m               = -4326.02         +/- 12.96        (0.2995%)
b               = 12.0672          +/- 0.02819      (0.2336%)


correlation matrix of the fit parameters:

               m      b      
m               1.000 
b              -0.996  1.000 


*******************************************************************************
Wed Jul 16 13:06:06 2014


FIT:    data read from 'messung1.dat' u (1000/$1):(log($2))
        format = x:z
        #datapoints = 38
        residuals are weighted equally (unit weight)

function used for fitting: f(x)
fitted parameters initialized with current variable values



 Iteration 0
 WSSR        : 50.9407           delta(WSSR)/WSSR   : 0
 delta(WSSR) : 0                 limit for stopping : 1e-05
 lambda	  : 1.69339

initial set of free parameter values

m               = 1
b               = 1

After 5 iterations the fit converged.
final sum of squares of residuals : 0.00902883
rel. change during last iteration : -7.49313e-15

degrees of freedom    (FIT_NDF)                        : 36
rms of residuals      (FIT_STDFIT) = sqrt(WSSR/ndf)    : 0.0158367
variance of residuals (reduced chisquare) = WSSR/ndf   : 0.000250801

Final set of parameters            Asymptotic Standard Error
=======================            ==========================

m               = -4.32602         +/- 0.01296      (0.2995%)
b               = 12.0672          +/- 0.02819      (0.2336%)


correlation matrix of the fit parameters:

               m      b      
m               1.000 
b              -0.996  1.000 


*******************************************************************************
Wed Jul 16 13:56:05 2014


FIT:    data read from 'messung1.dat' u (1000/$1):(log($2))
        format = x:z
        #datapoints = 37
        residuals are weighted equally (unit weight)

function used for fitting: f(x)
fitted parameters initialized with current variable values



 Iteration 0
 WSSR        : 47.0969           delta(WSSR)/WSSR   : 0
 delta(WSSR) : 0                 limit for stopping : 1e-05
 lambda	  : 1.68122

initial set of free parameter values

m               = 1
b               = 1

After 5 iterations the fit converged.
final sum of squares of residuals : 0.0991489
rel. change during last iteration : -2.51945e-15

degrees of freedom    (FIT_NDF)                        : 35
rms of residuals      (FIT_STDFIT) = sqrt(WSSR/ndf)    : 0.0532243
variance of residuals (reduced chisquare) = WSSR/ndf   : 0.00283283

Final set of parameters            Asymptotic Standard Error
=======================            ==========================

m               = -4.95781         +/- 0.05079      (1.024%)
b               = 13.3449          +/- 0.1096       (0.821%)


correlation matrix of the fit parameters:

               m      b      
m               1.000 
b              -0.997  1.000 


*******************************************************************************
Wed Jul 16 14:25:01 2014


FIT:    data read from 'messung1.dat' u (1000/$1):(log($2))
        format = x:z
        #datapoints = 38
        residuals are weighted equally (unit weight)

function used for fitting: f(x)
fitted parameters initialized with current variable values



 Iteration 0
 WSSR        : 50.9407           delta(WSSR)/WSSR   : 0
 delta(WSSR) : 0                 limit for stopping : 1e-05
 lambda	  : 1.69339

initial set of free parameter values

m               = 1
b               = 1

After 5 iterations the fit converged.
final sum of squares of residuals : 0.00902883
rel. change during last iteration : -7.49313e-15

degrees of freedom    (FIT_NDF)                        : 36
rms of residuals      (FIT_STDFIT) = sqrt(WSSR/ndf)    : 0.0158367
variance of residuals (reduced chisquare) = WSSR/ndf   : 0.000250801

Final set of parameters            Asymptotic Standard Error
=======================            ==========================

m               = -4.32602         +/- 0.01296      (0.2995%)
b               = 12.0672          +/- 0.02819      (0.2336%)


correlation matrix of the fit parameters:

               m      b      
m               1.000 
b              -0.996  1.000 
